<?xml version="1.0" encoding="UTF-8"?>
<!-- Generated by org.testng.reporters.JUnitXMLReporter -->
<testsuite ignored="0" hostname="Mac-mini-Belikova.local" failures="0" tests="23" name="Command line test" time="22.876" errors="0" timestamp="2022-06-27T14:33:16 MSK">
  <testcase classname="GetOneNewsTest" name="GetOneNegativeNotValidURLNews" time="2.887"/>
  <testcase classname="GetOneNewsTest" name="GetOneNews" time="1.818"/>
  <testcase classname="RegistrationUserTest" name="correctReg" time="0.868"/>
  <testcase classname="RegistrationUserTest" name="incorrectEmail1" time="0.406"/>
  <testcase classname="RegistrationUserTest" name="incorrectPassword" time="0.312"/>
  <testcase classname="PutNewsTest" name="putNewsNegativeTest" time="0.619"/>
  <testcase classname="PutNewsTest" name="putNewsTest" time="0.626"/>
  <testcase classname="GetInfoUserTest" name="GetUserInfoById" time="0.473"/>
  <testcase classname="GetInfoUserTest" name="GetUserInfoByIdNegative" time="0.169"/>
  <testcase classname="NewControllerTest" name="FilePostNegativeTest" time="0.448"/>
  <testcase classname="NewControllerTest" name="FilePostTest" time="0.333"/>
  <testcase classname="PutUserInformationTest" name="putUserNegativeTest" time="0.23"/>
  <testcase classname="PutUserInformationTest" name="putUserTest" time="0.456"/>
  <testcase classname="GetAllNewsTest" name="allNewsPageGetNegativeTest" time="2.439"/>
  <testcase classname="GetAllNewsTest" name="allNewsPageGetTest" time="5.003"/>
  <testcase classname="LoginUserTest" name="incorrectEmail1" time="1.629"/>
  <testcase classname="LoginUserTest" name="loginUserTest" time="0.834"/>
  <testcase classname="CreateNewsTest" name="createNewsNegativeTest" time="0.437"/>
  <testcase classname="CreateNewsTest" name="createNewsTest" time="0.392"/>
  <testcase classname="DeleteUserTest" name="deleteUserNegativeTest" time="0.38"/>
  <testcase classname="DeleteUserTest" name="deleteUserTest" time="0.631"/>
  <testcase classname="DeleteNewsTest" name="deleteNewsNegativeTest" time="0.557"/>
  <testcase classname="DeleteNewsTest" name="deleteNewsTest" time="0.787"/>
</testsuite> <!-- Command line test -->
