<?xml version="1.0" encoding="UTF-8"?>
<!-- Generated by org.testng.reporters.JUnitXMLReporter -->
<testsuite ignored="0" hostname="Mac-mini-Belikova.local" failures="0" tests="23" name="Command line test" time="15.73" errors="0" timestamp="2022-06-27T18:05:53 MSK">
  <testcase classname="GetOneNewsTest" name="GetOneNegativeNotValidURLNews" time="2.587"/>
  <testcase classname="GetOneNewsTest" name="GetOneNews" time="1.806"/>
  <testcase classname="RegistrationUserTest" name="correctReg" time="0.905"/>
  <testcase classname="RegistrationUserTest" name="incorrectEmail1" time="0.333"/>
  <testcase classname="RegistrationUserTest" name="incorrectPassword" time="0.312"/>
  <testcase classname="PutNewsTest" name="putNewsNegativeTest" time="0.559"/>
  <testcase classname="PutNewsTest" name="putNewsTest" time="0.533"/>
  <testcase classname="GetInfoUserTest" name="GetUserInfoById" time="0.249"/>
  <testcase classname="GetInfoUserTest" name="GetUserInfoByIdNegative" time="0.148"/>
  <testcase classname="NewControllerTest" name="FilePostNegativeTest" time="0.371"/>
  <testcase classname="NewControllerTest" name="FilePostTest" time="0.303"/>
  <testcase classname="PutUserInformationTest" name="putUserNegativeTest" time="0.178"/>
  <testcase classname="PutUserInformationTest" name="putUserTest" time="0.443"/>
  <testcase classname="GetAllNewsTest" name="allNewsPageGetNegativeTest" time="1.867"/>
  <testcase classname="GetAllNewsTest" name="allNewsPageGetTest" time="1.303"/>
  <testcase classname="LoginUserTest" name="incorrectEmail1" time="0.669"/>
  <testcase classname="LoginUserTest" name="loginUserTest" time="0.688"/>
  <testcase classname="CreateNewsTest" name="createNewsNegativeTest" time="0.331"/>
  <testcase classname="CreateNewsTest" name="createNewsTest" time="0.343"/>
  <testcase classname="DeleteUserTest" name="deleteUserNegativeTest" time="0.338"/>
  <testcase classname="DeleteUserTest" name="deleteUserTest" time="0.312"/>
  <testcase classname="DeleteNewsTest" name="deleteNewsNegativeTest" time="0.454"/>
  <testcase classname="DeleteNewsTest" name="deleteNewsTest" time="0.561"/>
</testsuite> <!-- Command line test -->
