<?xml version="1.0" encoding="UTF-8" ?>
<testsuite tests="23" failures="0" name="TestSuite" time="22.496" errors="0" skipped="0">
  <properties>
[...]
</properties>
  <testcase classname="GetOneNewsTest" name="GetOneNegativeNotValidURLNews" time="2.675"/>
  <testcase classname="GetOneNewsTest" name="GetOneNews" time="1.813"/>
  <testcase classname="RegistrationUserTest" name="correctReg" time="0.866"/>
  <testcase classname="RegistrationUserTest" name="incorrectEmail1" time="0.403"/>
  <testcase classname="RegistrationUserTest" name="incorrectPassword" time="0.313"/>
  <testcase classname="PutNewsTest" name="putNewsNegativeTest" time="0.619"/>
  <testcase classname="PutNewsTest" name="putNewsTest" time="0.628"/>
  <testcase classname="GetInfoUserTest" name="GetUserInfoById" time="0.473"/>
  <testcase classname="GetInfoUserTest" name="GetUserInfoByIdNegative" time="0.164"/>
  <testcase classname="NewControllerTest" name="FilePostNegativeTest" time="0.448"/>
  <testcase classname="NewControllerTest" name="FilePostTest" time="0.334"/>
  <testcase classname="PutUserInformationTest" name="putUserNegativeTest" time="0.228"/>
  <testcase classname="PutUserInformationTest" name="putUserTest" time="0.455"/>
  <testcase classname="GetAllNewsTest" name="allNewsPageGetNegativeTest" time="2.439"/>
  <testcase classname="GetAllNewsTest" name="allNewsPageGetTest" time="5.004"/>
  <testcase classname="LoginUserTest" name="incorrectEmail1" time="1.624"/>
  <testcase classname="LoginUserTest" name="loginUserTest" time="0.834"/>
  <testcase classname="CreateNewsTest" name="createNewsNegativeTest" time="0.436"/>
  <testcase classname="CreateNewsTest" name="createNewsTest" time="0.39"/>
  <testcase classname="DeleteUserTest" name="deleteUserNegativeTest" time="0.38"/>
  <testcase classname="DeleteUserTest" name="deleteUserTest" time="0.631"/>
  <testcase classname="DeleteNewsTest" name="deleteNewsNegativeTest" time="0.551"/>
  <testcase classname="DeleteNewsTest" name="deleteNewsTest" time="0.788"/>
</testsuite>