<?xml version="1.0" encoding="UTF-8" ?>
<testsuite tests="23" failures="0" name="TestSuite" time="15.441" errors="0" skipped="0">
  <properties>
[...]
</properties>
  <testcase classname="GetOneNewsTest" name="GetOneNegativeNotValidURLNews" time="2.471"/>
  <testcase classname="GetOneNewsTest" name="GetOneNews" time="1.804"/>
  <testcase classname="RegistrationUserTest" name="correctReg" time="0.9"/>
  <testcase classname="RegistrationUserTest" name="incorrectEmail1" time="0.328"/>
  <testcase classname="RegistrationUserTest" name="incorrectPassword" time="0.31"/>
  <testcase classname="PutNewsTest" name="putNewsNegativeTest" time="0.558"/>
  <testcase classname="PutNewsTest" name="putNewsTest" time="0.535"/>
  <testcase classname="GetInfoUserTest" name="GetUserInfoById" time="0.248"/>
  <testcase classname="GetInfoUserTest" name="GetUserInfoByIdNegative" time="0.141"/>
  <testcase classname="NewControllerTest" name="FilePostNegativeTest" time="0.372"/>
  <testcase classname="NewControllerTest" name="FilePostTest" time="0.306"/>
  <testcase classname="PutUserInformationTest" name="putUserNegativeTest" time="0.175"/>
  <testcase classname="PutUserInformationTest" name="putUserTest" time="0.442"/>
  <testcase classname="GetAllNewsTest" name="allNewsPageGetNegativeTest" time="1.868"/>
  <testcase classname="GetAllNewsTest" name="allNewsPageGetTest" time="1.297"/>
  <testcase classname="LoginUserTest" name="incorrectEmail1" time="0.665"/>
  <testcase classname="LoginUserTest" name="loginUserTest" time="0.687"/>
  <testcase classname="CreateNewsTest" name="createNewsNegativeTest" time="0.33"/>
  <testcase classname="CreateNewsTest" name="createNewsTest" time="0.343"/>
  <testcase classname="DeleteUserTest" name="deleteUserNegativeTest" time="0.337"/>
  <testcase classname="DeleteUserTest" name="deleteUserTest" time="0.31"/>
  <testcase classname="DeleteNewsTest" name="deleteNewsNegativeTest" time="0.454"/>
  <testcase classname="DeleteNewsTest" name="deleteNewsTest" time="0.56"/>
</testsuite>